<?xml version="1.0" encoding="UTF-8"?>
<!-- Generated by org.testng.reporters.JUnitReportReporter -->
<testsuite name="Guru99TakeScreenshot.Guru99TakeScreenshot" tests="1" time="43.668" ignored="0" failures="0" timestamp="06 Aug 2019 04:32:53 GMT" skipped="0" hostname="lgvn14828" errors="0">
  <testcase name="testGuru99TakeScreenShot" time="43.668" classname="Guru99TakeScreenshot.Guru99TakeScreenshot"/>
</testsuite> <!-- Guru99TakeScreenshot.Guru99TakeScreenshot -->
