<?xml version="1.0" encoding="UTF-8"?>
<!-- Generated by org.testng.reporters.JUnitReportReporter -->
<testsuite name="RailwayTestCase.ManageTicket" tests="4" time="170.731" ignored="0" failures="0" timestamp="05 May 2017 06:27:38 GMT" skipped="0" hostname="smax1540-w7" errors="0">
  <testcase name="TC16" time="49.815" classname="RailwayTestCase.ManageTicket"/>
  <testcase name="TC17" time="52.366" classname="RailwayTestCase.ManageTicket"/>
  <testcase name="TC15" time="49.688" classname="RailwayTestCase.ManageTicket"/>
  <testcase name="TC14" time="18.862" classname="RailwayTestCase.ManageTicket"/>
</testsuite> <!-- RailwayTestCase.ManageTicket -->
