<?xml version="1.0" encoding="UTF-8"?>
<!-- Generated by org.testng.reporters.JUnitReportReporter -->
<testsuite name="RailwayTestCase.CreateAccount" tests="4" time="42.685" ignored="0" failures="0" timestamp="05 May 2017 06:32:01 GMT" skipped="0" hostname="smax1540-w7" errors="0">
  <testcase name="TC05" time="10.595" classname="RailwayTestCase.CreateAccount"/>
  <testcase name="TC09" time="12.997" classname="RailwayTestCase.CreateAccount"/>
  <testcase name="TC06" time="10.700" classname="RailwayTestCase.CreateAccount"/>
  <testcase name="TC08" time="8.393" classname="RailwayTestCase.CreateAccount"/>
</testsuite> <!-- RailwayTestCase.CreateAccount -->
