<?xml version="1.0" encoding="UTF-8"?>
<!-- Generated by org.testng.reporters.JUnitReportReporter -->
<testsuite name="Railway.LoginTest" tests="1" time="10.303" ignored="0" failures="0" timestamp="03 May 2017 09:47:18 GMT" skipped="0" hostname="smax1540-w7" errors="0">
  <testcase name="TC01" time="10.303" classname="Railway.LoginTest"/>
</testsuite> <!-- Railway.LoginTest -->
